

Started GET "/" for 127.0.0.1 at 2014-09-01 15:35:37 -0700
  [1m[36mActiveRecord::SchemaMigration Load (1.4ms)[0m  [1mSELECT "schema_migrations".* FROM "schema_migrations"[0m
Processing by SitesController#index as HTML
  [1m[35mUser Load (0.8ms)[0m  SELECT  "users".* FROM "users"  WHERE "users"."id" = 1 LIMIT 1
  [1m[36mShoutout Load (0.6ms)[0m  [1mSELECT "shoutouts".* FROM "shoutouts"[0m
  [1m[35mCACHE (0.0ms)[0m  SELECT  "users".* FROM "users"  WHERE "users"."id" = 1 LIMIT 1
  [1m[36mCACHE (0.0ms)[0m  [1mSELECT  "users".* FROM "users"  WHERE "users"."id" = 1 LIMIT 1[0m
  [1m[35mCACHE (0.0ms)[0m  SELECT  "users".* FROM "users"  WHERE "users"."id" = 1 LIMIT 1
  [1m[36mCACHE (0.0ms)[0m  [1mSELECT  "users".* FROM "users"  WHERE "users"."id" = 1 LIMIT 1[0m
  [1m[35mCACHE (0.0ms)[0m  SELECT  "users".* FROM "users"  WHERE "users"."id" = 1 LIMIT 1
  [1m[36mCACHE (0.0ms)[0m  [1mSELECT  "users".* FROM "users"  WHERE "users"."id" = 1 LIMIT 1[0m
  [1m[35mCACHE (0.0ms)[0m  SELECT  "users".* FROM "users"  WHERE "users"."id" = 1 LIMIT 1
  [1m[36mCACHE (0.0ms)[0m  [1mSELECT  "users".* FROM "users"  WHERE "users"."id" = 1 LIMIT 1[0m
  [1m[35mCACHE (0.0ms)[0m  SELECT  "users".* FROM "users"  WHERE "users"."id" = 1 LIMIT 1
  [1m[36mCACHE (0.0ms)[0m  [1mSELECT  "users".* FROM "users"  WHERE "users"."id" = 1 LIMIT 1[0m
  [1m[35mCACHE (0.0ms)[0m  SELECT  "users".* FROM "users"  WHERE "users"."id" = 1 LIMIT 1
  [1m[36mCACHE (0.0ms)[0m  [1mSELECT  "users".* FROM "users"  WHERE "users"."id" = 1 LIMIT 1[0m
  [1m[35mCACHE (0.0ms)[0m  SELECT  "users".* FROM "users"  WHERE "users"."id" = 1 LIMIT 1
  [1m[36mCACHE (0.0ms)[0m  [1mSELECT  "users".* FROM "users"  WHERE "users"."id" = 1 LIMIT 1[0m
  [1m[35mCACHE (0.0ms)[0m  SELECT  "users".* FROM "users"  WHERE "users"."id" = 1 LIMIT 1
  [1m[36mCACHE (0.0ms)[0m  [1mSELECT  "users".* FROM "users"  WHERE "users"."id" = 1 LIMIT 1[0m
  [1m[35mCACHE (0.0ms)[0m  SELECT  "users".* FROM "users"  WHERE "users"."id" = 1 LIMIT 1
  [1m[36mCACHE (0.0ms)[0m  [1mSELECT  "users".* FROM "users"  WHERE "users"."id" = 1 LIMIT 1[0m
  [1m[35mCACHE (0.0ms)[0m  SELECT  "users".* FROM "users"  WHERE "users"."id" = 1 LIMIT 1
  [1m[36mCACHE (0.0ms)[0m  [1mSELECT  "users".* FROM "users"  WHERE "users"."id" = 1 LIMIT 1[0m
  [1m[35mCACHE (0.0ms)[0m  SELECT  "users".* FROM "users"  WHERE "users"."id" = 1 LIMIT 1
  [1m[36mCACHE (0.0ms)[0m  [1mSELECT  "users".* FROM "users"  WHERE "users"."id" = 1 LIMIT 1[0m
  [1m[35mCACHE (0.0ms)[0m  SELECT  "users".* FROM "users"  WHERE "users"."id" = 1 LIMIT 1
  [1m[36mCACHE (0.0ms)[0m  [1mSELECT  "users".* FROM "users"  WHERE "users"."id" = 1 LIMIT 1[0m
  Rendered shoutouts/_new.html.erb (30.8ms)
  Rendered sites/_soup.html.erb (0.3ms)
  Rendered users/_edit.html.erb (17.2ms)
  Rendered passwords/_new.html.erb (1.0ms)
  Rendered sites/index.html.erb within layouts/application (67.2ms)
Completed 200 OK in 187ms (Views: 139.8ms | ActiveRecord: 7.4ms)


Started GET "/assets/styles.css?body=1" for 127.0.0.1 at 2014-09-01 15:35:38 -0700


Started GET "/assets/users.css?body=1" for 127.0.0.1 at 2014-09-01 15:35:38 -0700


Started GET "/assets/application.css?body=1" for 127.0.0.1 at 2014-09-01 15:35:38 -0700


Started GET "/assets/jquery.js?body=1" for 127.0.0.1 at 2014-09-01 15:35:38 -0700


Started GET "/assets/jquery_ujs.js?body=1" for 127.0.0.1 at 2014-09-01 15:35:38 -0700


Started GET "/assets/passwords.js?body=1" for 127.0.0.1 at 2014-09-01 15:35:38 -0700


Started GET "/assets/sessions.js?body=1" for 127.0.0.1 at 2014-09-01 15:35:38 -0700


Started GET "/assets/shoutouts.js?body=1" for 127.0.0.1 at 2014-09-01 15:35:38 -0700


Started GET "/assets/sites.js?body=1" for 127.0.0.1 at 2014-09-01 15:35:38 -0700


Started GET "/assets/users.js?body=1" for 127.0.0.1 at 2014-09-01 15:35:38 -0700


Started GET "/assets/application.js?body=1" for 127.0.0.1 at 2014-09-01 15:35:38 -0700


Started GET "/assets/dark_fish_skin.png" for 127.0.0.1 at 2014-09-01 15:35:45 -0700


Started GET "/" for 127.0.0.1 at 2014-09-01 15:36:50 -0700
  [1m[36mActiveRecord::SchemaMigration Load (0.5ms)[0m  [1mSELECT "schema_migrations".* FROM "schema_migrations"[0m
Processing by SitesController#index as HTML
  [1m[35mUser Load (0.9ms)[0m  SELECT  "users".* FROM "users"  WHERE "users"."id" = 1 LIMIT 1
  [1m[36mShoutout Load (0.6ms)[0m  [1mSELECT "shoutouts".* FROM "shoutouts"[0m
  [1m[35mCACHE (0.0ms)[0m  SELECT  "users".* FROM "users"  WHERE "users"."id" = 1 LIMIT 1
  [1m[36mCACHE (0.0ms)[0m  [1mSELECT  "users".* FROM "users"  WHERE "users"."id" = 1 LIMIT 1[0m
  [1m[35mCACHE (0.0ms)[0m  SELECT  "users".* FROM "users"  WHERE "users"."id" = 1 LIMIT 1
  [1m[36mCACHE (0.0ms)[0m  [1mSELECT  "users".* FROM "users"  WHERE "users"."id" = 1 LIMIT 1[0m
  [1m[35mCACHE (0.0ms)[0m  SELECT  "users".* FROM "users"  WHERE "users"."id" = 1 LIMIT 1
  [1m[36mCACHE (0.0ms)[0m  [1mSELECT  "users".* FROM "users"  WHERE "users"."id" = 1 LIMIT 1[0m
  [1m[35mCACHE (0.0ms)[0m  SELECT  "users".* FROM "users"  WHERE "users"."id" = 1 LIMIT 1
  [1m[36mCACHE (0.0ms)[0m  [1mSELECT  "users".* FROM "users"  WHERE "users"."id" = 1 LIMIT 1[0m
  [1m[35mCACHE (0.0ms)[0m  SELECT  "users".* FROM "users"  WHERE "users"."id" = 1 LIMIT 1
  [1m[36mCACHE (0.0ms)[0m  [1mSELECT  "users".* FROM "users"  WHERE "users"."id" = 1 LIMIT 1[0m
  [1m[35mCACHE (0.0ms)[0m  SELECT  "users".* FROM "users"  WHERE "users"."id" = 1 LIMIT 1
  [1m[36mCACHE (0.0ms)[0m  [1mSELECT  "users".* FROM "users"  WHERE "users"."id" = 1 LIMIT 1[0m
  [1m[35mCACHE (0.0ms)[0m  SELECT  "users".* FROM "users"  WHERE "users"."id" = 1 LIMIT 1
  [1m[36mCACHE (0.0ms)[0m  [1mSELECT  "users".* FROM "users"  WHERE "users"."id" = 1 LIMIT 1[0m
  [1m[35mCACHE (0.0ms)[0m  SELECT  "users".* FROM "users"  WHERE "users"."id" = 1 LIMIT 1
  [1m[36mCACHE (0.0ms)[0m  [1mSELECT  "users".* FROM "users"  WHERE "users"."id" = 1 LIMIT 1[0m
  [1m[35mCACHE (0.0ms)[0m  SELECT  "users".* FROM "users"  WHERE "users"."id" = 1 LIMIT 1
  [1m[36mCACHE (0.0ms)[0m  [1mSELECT  "users".* FROM "users"  WHERE "users"."id" = 1 LIMIT 1[0m
  [1m[35mCACHE (0.0ms)[0m  SELECT  "users".* FROM "users"  WHERE "users"."id" = 1 LIMIT 1
  [1m[36mCACHE (0.0ms)[0m  [1mSELECT  "users".* FROM "users"  WHERE "users"."id" = 1 LIMIT 1[0m
  [1m[35mCACHE (0.0ms)[0m  SELECT  "users".* FROM "users"  WHERE "users"."id" = 1 LIMIT 1
  [1m[36mCACHE (0.0ms)[0m  [1mSELECT  "users".* FROM "users"  WHERE "users"."id" = 1 LIMIT 1[0m
  [1m[35mCACHE (0.0ms)[0m  SELECT  "users".* FROM "users"  WHERE "users"."id" = 1 LIMIT 1
  [1m[36mCACHE (0.0ms)[0m  [1mSELECT  "users".* FROM "users"  WHERE "users"."id" = 1 LIMIT 1[0m
  Rendered shoutouts/_new.html.erb (24.4ms)
  Rendered sites/_soup.html.erb (0.3ms)
  Rendered users/_edit.html.erb (13.8ms)
  Rendered passwords/_new.html.erb (0.9ms)
  Rendered sites/index.html.erb within layouts/application (46.5ms)
Completed 200 OK in 147ms (Views: 103.4ms | ActiveRecord: 7.6ms)


Started GET "/assets/styles.css?body=1" for 127.0.0.1 at 2014-09-01 15:36:51 -0700


Started GET "/assets/users.css?body=1" for 127.0.0.1 at 2014-09-01 15:36:51 -0700


Started GET "/assets/application.css?body=1" for 127.0.0.1 at 2014-09-01 15:36:51 -0700


Started GET "/assets/passwords.js?body=1" for 127.0.0.1 at 2014-09-01 15:36:51 -0700


Started GET "/assets/sites.js?body=1" for 127.0.0.1 at 2014-09-01 15:36:51 -0700


Started GET "/assets/jquery.js?body=1" for 127.0.0.1 at 2014-09-01 15:36:51 -0700


Started GET "/assets/sessions.js?body=1" for 127.0.0.1 at 2014-09-01 15:36:51 -0700


Started GET "/assets/jquery_ujs.js?body=1" for 127.0.0.1 at 2014-09-01 15:36:51 -0700


Started GET "/assets/shoutouts.js?body=1" for 127.0.0.1 at 2014-09-01 15:36:51 -0700


Started GET "/assets/users.js?body=1" for 127.0.0.1 at 2014-09-01 15:36:51 -0700


Started GET "/assets/application.js?body=1" for 127.0.0.1 at 2014-09-01 15:36:51 -0700


Started GET "/assets/dark_fish_skin.png" for 127.0.0.1 at 2014-09-01 15:36:52 -0700


Started GET "/" for 127.0.0.1 at 2014-09-01 15:37:08 -0700
Processing by SitesController#index as HTML
  [1m[35mUser Load (0.8ms)[0m  SELECT  "users".* FROM "users"  WHERE "users"."id" = 1 LIMIT 1
  [1m[36mShoutout Load (0.7ms)[0m  [1mSELECT "shoutouts".* FROM "shoutouts"[0m
  [1m[35mCACHE (0.0ms)[0m  SELECT  "users".* FROM "users"  WHERE "users"."id" = 1 LIMIT 1
  [1m[36mCACHE (0.0ms)[0m  [1mSELECT  "users".* FROM "users"  WHERE "users"."id" = 1 LIMIT 1[0m
  [1m[35mCACHE (0.0ms)[0m  SELECT  "users".* FROM "users"  WHERE "users"."id" = 1 LIMIT 1
  [1m[36mCACHE (0.0ms)[0m  [1mSELECT  "users".* FROM "users"  WHERE "users"."id" = 1 LIMIT 1[0m
  [1m[35mCACHE (0.0ms)[0m  SELECT  "users".* FROM "users"  WHERE "users"."id" = 1 LIMIT 1
  [1m[36mCACHE (0.0ms)[0m  [1mSELECT  "users".* FROM "users"  WHERE "users"."id" = 1 LIMIT 1[0m
  [1m[35mCACHE (0.0ms)[0m  SELECT  "users".* FROM "users"  WHERE "users"."id" = 1 LIMIT 1
  [1m[36mCACHE (0.0ms)[0m  [1mSELECT  "users".* FROM "users"  WHERE "users"."id" = 1 LIMIT 1[0m
  [1m[35mCACHE (0.0ms)[0m  SELECT  "users".* FROM "users"  WHERE "users"."id" = 1 LIMIT 1
  [1m[36mCACHE (0.0ms)[0m  [1mSELECT  "users".* FROM "users"  WHERE "users"."id" = 1 LIMIT 1[0m
  [1m[35mCACHE (0.0ms)[0m  SELECT  "users".* FROM "users"  WHERE "users"."id" = 1 LIMIT 1
  [1m[36mCACHE (0.0ms)[0m  [1mSELECT  "users".* FROM "users"  WHERE "users"."id" = 1 LIMIT 1[0m
  [1m[35mCACHE (0.0ms)[0m  SELECT  "users".* FROM "users"  WHERE "users"."id" = 1 LIMIT 1
  [1m[36mCACHE (0.0ms)[0m  [1mSELECT  "users".* FROM "users"  WHERE "users"."id" = 1 LIMIT 1[0m
  [1m[35mCACHE (0.0ms)[0m  SELECT  "users".* FROM "users"  WHERE "users"."id" = 1 LIMIT 1
  [1m[36mCACHE (0.0ms)[0m  [1mSELECT  "users".* FROM "users"  WHERE "users"."id" = 1 LIMIT 1[0m
  [1m[35mCACHE (0.0ms)[0m  SELECT  "users".* FROM "users"  WHERE "users"."id" = 1 LIMIT 1
  [1m[36mCACHE (0.0ms)[0m  [1mSELECT  "users".* FROM "users"  WHERE "users"."id" = 1 LIMIT 1[0m
  [1m[35mCACHE (0.0ms)[0m  SELECT  "users".* FROM "users"  WHERE "users"."id" = 1 LIMIT 1
  [1m[36mCACHE (0.0ms)[0m  [1mSELECT  "users".* FROM "users"  WHERE "users"."id" = 1 LIMIT 1[0m
  [1m[35mCACHE (0.0ms)[0m  SELECT  "users".* FROM "users"  WHERE "users"."id" = 1 LIMIT 1
  [1m[36mCACHE (0.0ms)[0m  [1mSELECT  "users".* FROM "users"  WHERE "users"."id" = 1 LIMIT 1[0m
  [1m[35mCACHE (0.0ms)[0m  SELECT  "users".* FROM "users"  WHERE "users"."id" = 1 LIMIT 1
  [1m[36mCACHE (0.0ms)[0m  [1mSELECT  "users".* FROM "users"  WHERE "users"."id" = 1 LIMIT 1[0m
  Rendered shoutouts/_new.html.erb (20.7ms)
  Rendered sites/_soup.html.erb (0.6ms)
  Rendered users/_edit.html.erb (3.2ms)
  Rendered passwords/_new.html.erb (0.8ms)
  Rendered sites/index.html.erb within layouts/application (29.4ms)
Completed 200 OK in 45ms (Views: 39.5ms | ActiveRecord: 2.0ms)


Started GET "/assets/users.css?body=1" for 127.0.0.1 at 2014-09-01 15:37:08 -0700


Started GET "/assets/application.css?body=1" for 127.0.0.1 at 2014-09-01 15:37:08 -0700


Started GET "/assets/jquery_ujs.js?body=1" for 127.0.0.1 at 2014-09-01 15:37:08 -0700


Started GET "/assets/passwords.js?body=1" for 127.0.0.1 at 2014-09-01 15:37:08 -0700


Started GET "/assets/styles.css?body=1" for 127.0.0.1 at 2014-09-01 15:37:08 -0700


Started GET "/assets/jquery.js?body=1" for 127.0.0.1 at 2014-09-01 15:37:08 -0700


Started GET "/assets/sessions.js?body=1" for 127.0.0.1 at 2014-09-01 15:37:08 -0700


Started GET "/assets/shoutouts.js?body=1" for 127.0.0.1 at 2014-09-01 15:37:08 -0700


Started GET "/assets/sites.js?body=1" for 127.0.0.1 at 2014-09-01 15:37:08 -0700


Started GET "/assets/users.js?body=1" for 127.0.0.1 at 2014-09-01 15:37:08 -0700


Started GET "/assets/application.js?body=1" for 127.0.0.1 at 2014-09-01 15:37:08 -0700


Started GET "/assets/dark_fish_skin.png" for 127.0.0.1 at 2014-09-01 15:37:09 -0700


Started GET "/" for 127.0.0.1 at 2014-09-01 15:37:27 -0700
Processing by SitesController#index as HTML
  [1m[35mUser Load (0.6ms)[0m  SELECT  "users".* FROM "users"  WHERE "users"."id" = 1 LIMIT 1
  Rendered sites/_soup.html.erb (0.1ms)
  [1m[36mShoutout Load (0.5ms)[0m  [1mSELECT "shoutouts".* FROM "shoutouts"[0m
  [1m[35mCACHE (0.0ms)[0m  SELECT  "users".* FROM "users"  WHERE "users"."id" = 1 LIMIT 1
  [1m[36mCACHE (0.0ms)[0m  [1mSELECT  "users".* FROM "users"  WHERE "users"."id" = 1 LIMIT 1[0m
  [1m[35mCACHE (0.0ms)[0m  SELECT  "users".* FROM "users"  WHERE "users"."id" = 1 LIMIT 1
  [1m[36mCACHE (0.0ms)[0m  [1mSELECT  "users".* FROM "users"  WHERE "users"."id" = 1 LIMIT 1[0m
  [1m[35mCACHE (0.0ms)[0m  SELECT  "users".* FROM "users"  WHERE "users"."id" = 1 LIMIT 1
  [1m[36mCACHE (0.0ms)[0m  [1mSELECT  "users".* FROM "users"  WHERE "users"."id" = 1 LIMIT 1[0m
  [1m[35mCACHE (0.0ms)[0m  SELECT  "users".* FROM "users"  WHERE "users"."id" = 1 LIMIT 1
  [1m[36mCACHE (0.0ms)[0m  [1mSELECT  "users".* FROM "users"  WHERE "users"."id" = 1 LIMIT 1[0m
  [1m[35mCACHE (0.0ms)[0m  SELECT  "users".* FROM "users"  WHERE "users"."id" = 1 LIMIT 1
  [1m[36mCACHE (0.0ms)[0m  [1mSELECT  "users".* FROM "users"  WHERE "users"."id" = 1 LIMIT 1[0m
  [1m[35mCACHE (0.0ms)[0m  SELECT  "users".* FROM "users"  WHERE "users"."id" = 1 LIMIT 1
  [1m[36mCACHE (0.0ms)[0m  [1mSELECT  "users".* FROM "users"  WHERE "users"."id" = 1 LIMIT 1[0m
  [1m[35mCACHE (0.0ms)[0m  SELECT  "users".* FROM "users"  WHERE "users"."id" = 1 LIMIT 1
  [1m[36mCACHE (0.0ms)[0m  [1mSELECT  "users".* FROM "users"  WHERE "users"."id" = 1 LIMIT 1[0m
  [1m[35mCACHE (0.0ms)[0m  SELECT  "users".* FROM "users"  WHERE "users"."id" = 1 LIMIT 1
  [1m[36mCACHE (0.0ms)[0m  [1mSELECT  "users".* FROM "users"  WHERE "users"."id" = 1 LIMIT 1[0m
  [1m[35mCACHE (0.0ms)[0m  SELECT  "users".* FROM "users"  WHERE "users"."id" = 1 LIMIT 1
  [1m[36mCACHE (0.0ms)[0m  [1mSELECT  "users".* FROM "users"  WHERE "users"."id" = 1 LIMIT 1[0m
  [1m[35mCACHE (0.0ms)[0m  SELECT  "users".* FROM "users"  WHERE "users"."id" = 1 LIMIT 1
  [1m[36mCACHE (0.0ms)[0m  [1mSELECT  "users".* FROM "users"  WHERE "users"."id" = 1 LIMIT 1[0m
  [1m[35mCACHE (0.0ms)[0m  SELECT  "users".* FROM "users"  WHERE "users"."id" = 1 LIMIT 1
  [1m[36mCACHE (0.0ms)[0m  [1mSELECT  "users".* FROM "users"  WHERE "users"."id" = 1 LIMIT 1[0m
  [1m[35mCACHE (0.0ms)[0m  SELECT  "users".* FROM "users"  WHERE "users"."id" = 1 LIMIT 1
  [1m[36mCACHE (0.0ms)[0m  [1mSELECT  "users".* FROM "users"  WHERE "users"."id" = 1 LIMIT 1[0m
  Rendered shoutouts/_new.html.erb (12.2ms)
  Rendered users/_edit.html.erb (1.7ms)
  Rendered passwords/_new.html.erb (0.4ms)
  Rendered sites/index.html.erb within layouts/application (18.3ms)
Completed 200 OK in 28ms (Views: 24.3ms | ActiveRecord: 1.3ms)


Started GET "/assets/styles.css?body=1" for 127.0.0.1 at 2014-09-01 15:37:27 -0700


Started GET "/assets/jquery.js?body=1" for 127.0.0.1 at 2014-09-01 15:37:27 -0700


Started GET "/assets/application.css?body=1" for 127.0.0.1 at 2014-09-01 15:37:27 -0700


Started GET "/assets/passwords.js?body=1" for 127.0.0.1 at 2014-09-01 15:37:27 -0700


Started GET "/assets/jquery_ujs.js?body=1" for 127.0.0.1 at 2014-09-01 15:37:27 -0700


Started GET "/assets/users.css?body=1" for 127.0.0.1 at 2014-09-01 15:37:27 -0700


Started GET "/assets/sessions.js?body=1" for 127.0.0.1 at 2014-09-01 15:37:27 -0700


Started GET "/assets/users.js?body=1" for 127.0.0.1 at 2014-09-01 15:37:27 -0700


Started GET "/assets/shoutouts.js?body=1" for 127.0.0.1 at 2014-09-01 15:37:27 -0700


Started GET "/assets/sites.js?body=1" for 127.0.0.1 at 2014-09-01 15:37:27 -0700


Started GET "/assets/application.js?body=1" for 127.0.0.1 at 2014-09-01 15:37:27 -0700


Started GET "/assets/dark_fish_skin.png" for 127.0.0.1 at 2014-09-01 15:37:28 -0700


Started GET "/" for 127.0.0.1 at 2014-09-01 15:37:28 -0700
Processing by SitesController#index as HTML
  [1m[35mUser Load (0.6ms)[0m  SELECT  "users".* FROM "users"  WHERE "users"."id" = 1 LIMIT 1
  Rendered sites/_soup.html.erb (0.0ms)
  [1m[36mShoutout Load (0.5ms)[0m  [1mSELECT "shoutouts".* FROM "shoutouts"[0m
  [1m[35mCACHE (0.0ms)[0m  SELECT  "users".* FROM "users"  WHERE "users"."id" = 1 LIMIT 1
  [1m[36mCACHE (0.0ms)[0m  [1mSELECT  "users".* FROM "users"  WHERE "users"."id" = 1 LIMIT 1[0m
  [1m[35mCACHE (0.0ms)[0m  SELECT  "users".* FROM "users"  WHERE "users"."id" = 1 LIMIT 1
  [1m[36mCACHE (0.0ms)[0m  [1mSELECT  "users".* FROM "users"  WHERE "users"."id" = 1 LIMIT 1[0m
  [1m[35mCACHE (0.0ms)[0m  SELECT  "users".* FROM "users"  WHERE "users"."id" = 1 LIMIT 1
  [1m[36mCACHE (0.0ms)[0m  [1mSELECT  "users".* FROM "users"  WHERE "users"."id" = 1 LIMIT 1[0m
  [1m[35mCACHE (0.0ms)[0m  SELECT  "users".* FROM "users"  WHERE "users"."id" = 1 LIMIT 1
  [1m[36mCACHE (0.0ms)[0m  [1mSELECT  "users".* FROM "users"  WHERE "users"."id" = 1 LIMIT 1[0m
  [1m[35mCACHE (0.0ms)[0m  SELECT  "users".* FROM "users"  WHERE "users"."id" = 1 LIMIT 1
  [1m[36mCACHE (0.0ms)[0m  [1mSELECT  "users".* FROM "users"  WHERE "users"."id" = 1 LIMIT 1[0m
  [1m[35mCACHE (0.0ms)[0m  SELECT  "users".* FROM "users"  WHERE "users"."id" = 1 LIMIT 1
  [1m[36mCACHE (0.0ms)[0m  [1mSELECT  "users".* FROM "users"  WHERE "users"."id" = 1 LIMIT 1[0m
  [1m[35mCACHE (0.0ms)[0m  SELECT  "users".* FROM "users"  WHERE "users"."id" = 1 LIMIT 1
  [1m[36mCACHE (0.0ms)[0m  [1mSELECT  "users".* FROM "users"  WHERE "users"."id" = 1 LIMIT 1[0m
  [1m[35mCACHE (0.0ms)[0m  SELECT  "users".* FROM "users"  WHERE "users"."id" = 1 LIMIT 1
  [1m[36mCACHE (0.0ms)[0m  [1mSELECT  "users".* FROM "users"  WHERE "users"."id" = 1 LIMIT 1[0m
  [1m[35mCACHE (0.0ms)[0m  SELECT  "users".* FROM "users"  WHERE "users"."id" = 1 LIMIT 1
  [1m[36mCACHE (0.0ms)[0m  [1mSELECT  "users".* FROM "users"  WHERE "users"."id" = 1 LIMIT 1[0m
  [1m[35mCACHE (0.0ms)[0m  SELECT  "users".* FROM "users"  WHERE "users"."id" = 1 LIMIT 1
  [1m[36mCACHE (0.0ms)[0m  [1mSELECT  "users".* FROM "users"  WHERE "users"."id" = 1 LIMIT 1[0m
  [1m[35mCACHE (0.0ms)[0m  SELECT  "users".* FROM "users"  WHERE "users"."id" = 1 LIMIT 1
  [1m[36mCACHE (0.0ms)[0m  [1mSELECT  "users".* FROM "users"  WHERE "users"."id" = 1 LIMIT 1[0m
  [1m[35mCACHE (0.0ms)[0m  SELECT  "users".* FROM "users"  WHERE "users"."id" = 1 LIMIT 1
  [1m[36mCACHE (0.0ms)[0m  [1mSELECT  "users".* FROM "users"  WHERE "users"."id" = 1 LIMIT 1[0m
  Rendered shoutouts/_new.html.erb (13.7ms)
  Rendered users/_edit.html.erb (1.8ms)
  Rendered passwords/_new.html.erb (0.3ms)
  Rendered sites/index.html.erb within layouts/application (18.5ms)
Completed 200 OK in 29ms (Views: 24.8ms | ActiveRecord: 1.3ms)


Started GET "/assets/application.css?body=1" for 127.0.0.1 at 2014-09-01 15:37:29 -0700


Started GET "/assets/styles.css?body=1" for 127.0.0.1 at 2014-09-01 15:37:29 -0700


Started GET "/assets/passwords.js?body=1" for 127.0.0.1 at 2014-09-01 15:37:29 -0700


Started GET "/assets/jquery.js?body=1" for 127.0.0.1 at 2014-09-01 15:37:29 -0700


Started GET "/assets/jquery_ujs.js?body=1" for 127.0.0.1 at 2014-09-01 15:37:29 -0700


Started GET "/assets/users.css?body=1" for 127.0.0.1 at 2014-09-01 15:37:29 -0700


Started GET "/assets/sessions.js?body=1" for 127.0.0.1 at 2014-09-01 15:37:29 -0700


Started GET "/assets/shoutouts.js?body=1" for 127.0.0.1 at 2014-09-01 15:37:29 -0700


Started GET "/assets/sites.js?body=1" for 127.0.0.1 at 2014-09-01 15:37:29 -0700


Started GET "/assets/users.js?body=1" for 127.0.0.1 at 2014-09-01 15:37:29 -0700


Started GET "/assets/application.js?body=1" for 127.0.0.1 at 2014-09-01 15:37:29 -0700


Started GET "/assets/dark_fish_skin.png" for 127.0.0.1 at 2014-09-01 15:37:29 -0700


Started GET "/" for 127.0.0.1 at 2014-09-01 15:47:05 -0700
Processing by SitesController#index as HTML
  [1m[35mUser Load (0.5ms)[0m  SELECT  "users".* FROM "users"  WHERE "users"."id" = 1 LIMIT 1
  Rendered sites/_soup.html.erb (0.5ms)
  [1m[36mShoutout Load (0.5ms)[0m  [1mSELECT "shoutouts".* FROM "shoutouts"[0m
  [1m[35mCACHE (0.0ms)[0m  SELECT  "users".* FROM "users"  WHERE "users"."id" = 1 LIMIT 1
  [1m[36mCACHE (0.0ms)[0m  [1mSELECT  "users".* FROM "users"  WHERE "users"."id" = 1 LIMIT 1[0m
  [1m[35mCACHE (0.0ms)[0m  SELECT  "users".* FROM "users"  WHERE "users"."id" = 1 LIMIT 1
  [1m[36mCACHE (0.0ms)[0m  [1mSELECT  "users".* FROM "users"  WHERE "users"."id" = 1 LIMIT 1[0m
  [1m[35mCACHE (0.0ms)[0m  SELECT  "users".* FROM "users"  WHERE "users"."id" = 1 LIMIT 1
  [1m[36mCACHE (0.0ms)[0m  [1mSELECT  "users".* FROM "users"  WHERE "users"."id" = 1 LIMIT 1[0m
  [1m[35mCACHE (0.0ms)[0m  SELECT  "users".* FROM "users"  WHERE "users"."id" = 1 LIMIT 1
  [1m[36mCACHE (0.0ms)[0m  [1mSELECT  "users".* FROM "users"  WHERE "users"."id" = 1 LIMIT 1[0m
  [1m[35mCACHE (0.0ms)[0m  SELECT  "users".* FROM "users"  WHERE "users"."id" = 1 LIMIT 1
  [1m[36mCACHE (0.0ms)[0m  [1mSELECT  "users".* FROM "users"  WHERE "users"."id" = 1 LIMIT 1[0m
  [1m[35mCACHE (0.0ms)[0m  SELECT  "users".* FROM "users"  WHERE "users"."id" = 1 LIMIT 1
  [1m[36mCACHE (0.0ms)[0m  [1mSELECT  "users".* FROM "users"  WHERE "users"."id" = 1 LIMIT 1[0m
  [1m[35mCACHE (0.0ms)[0m  SELECT  "users".* FROM "users"  WHERE "users"."id" = 1 LIMIT 1
  [1m[36mCACHE (0.0ms)[0m  [1mSELECT  "users".* FROM "users"  WHERE "users"."id" = 1 LIMIT 1[0m
  [1m[35mCACHE (0.0ms)[0m  SELECT  "users".* FROM "users"  WHERE "users"."id" = 1 LIMIT 1
  [1m[36mCACHE (0.0ms)[0m  [1mSELECT  "users".* FROM "users"  WHERE "users"."id" = 1 LIMIT 1[0m
  [1m[35mCACHE (0.0ms)[0m  SELECT  "users".* FROM "users"  WHERE "users"."id" = 1 LIMIT 1
  [1m[36mCACHE (0.0ms)[0m  [1mSELECT  "users".* FROM "users"  WHERE "users"."id" = 1 LIMIT 1[0m
  [1m[35mCACHE (0.0ms)[0m  SELECT  "users".* FROM "users"  WHERE "users"."id" = 1 LIMIT 1
  [1m[36mCACHE (0.0ms)[0m  [1mSELECT  "users".* FROM "users"  WHERE "users"."id" = 1 LIMIT 1[0m
  [1m[35mCACHE (0.0ms)[0m  SELECT  "users".* FROM "users"  WHERE "users"."id" = 1 LIMIT 1
  [1m[36mCACHE (0.0ms)[0m  [1mSELECT  "users".* FROM "users"  WHERE "users"."id" = 1 LIMIT 1[0m
  [1m[35mCACHE (0.0ms)[0m  SELECT  "users".* FROM "users"  WHERE "users"."id" = 1 LIMIT 1
  [1m[36mCACHE (0.0ms)[0m  [1mSELECT  "users".* FROM "users"  WHERE "users"."id" = 1 LIMIT 1[0m
  Rendered shoutouts/_new.html.erb (19.6ms)
  Rendered users/_edit.html.erb (3.0ms)
  Rendered passwords/_new.html.erb (0.5ms)
  Rendered sites/index.html.erb within layouts/application (29.5ms)
Completed 200 OK in 67ms (Views: 41.3ms | ActiveRecord: 8.8ms)


Started GET "/assets/styles.css?body=1" for 127.0.0.1 at 2014-09-01 15:47:05 -0700


Started GET "/assets/sessions.js?body=1" for 127.0.0.1 at 2014-09-01 15:47:05 -0700


Started GET "/assets/application.css?body=1" for 127.0.0.1 at 2014-09-01 15:47:05 -0700


Started GET "/assets/shoutouts.js?body=1" for 127.0.0.1 at 2014-09-01 15:47:05 -0700


Started GET "/assets/users.css?body=1" for 127.0.0.1 at 2014-09-01 15:47:05 -0700


Started GET "/assets/jquery.js?body=1" for 127.0.0.1 at 2014-09-01 15:47:05 -0700


Started GET "/assets/jquery_ujs.js?body=1" for 127.0.0.1 at 2014-09-01 15:47:05 -0700


Started GET "/assets/passwords.js?body=1" for 127.0.0.1 at 2014-09-01 15:47:05 -0700


Started GET "/assets/users.js?body=1" for 127.0.0.1 at 2014-09-01 15:47:05 -0700


Started GET "/assets/sites.js?body=1" for 127.0.0.1 at 2014-09-01 15:47:05 -0700


Started GET "/assets/application.js?body=1" for 127.0.0.1 at 2014-09-01 15:47:05 -0700


Started GET "/assets/dark_fish_skin.png" for 127.0.0.1 at 2014-09-01 15:47:07 -0700


Started GET "/" for 127.0.0.1 at 2014-09-01 15:47:38 -0700
Processing by SitesController#index as HTML
  [1m[35mUser Load (0.7ms)[0m  SELECT  "users".* FROM "users"  WHERE "users"."id" = 1 LIMIT 1
  Rendered sites/_trucks.html.erb (0.3ms)
  Rendered sites/_soup.html.erb (0.0ms)
  [1m[36mShoutout Load (0.5ms)[0m  [1mSELECT "shoutouts".* FROM "shoutouts"[0m
  [1m[35mCACHE (0.0ms)[0m  SELECT  "users".* FROM "users"  WHERE "users"."id" = 1 LIMIT 1
  [1m[36mCACHE (0.0ms)[0m  [1mSELECT  "users".* FROM "users"  WHERE "users"."id" = 1 LIMIT 1[0m
  [1m[35mCACHE (0.0ms)[0m  SELECT  "users".* FROM "users"  WHERE "users"."id" = 1 LIMIT 1
  [1m[36mCACHE (0.0ms)[0m  [1mSELECT  "users".* FROM "users"  WHERE "users"."id" = 1 LIMIT 1[0m
  [1m[35mCACHE (0.0ms)[0m  SELECT  "users".* FROM "users"  WHERE "users"."id" = 1 LIMIT 1
  [1m[36mCACHE (0.0ms)[0m  [1mSELECT  "users".* FROM "users"  WHERE "users"."id" = 1 LIMIT 1[0m
  [1m[35mCACHE (0.0ms)[0m  SELECT  "users".* FROM "users"  WHERE "users"."id" = 1 LIMIT 1
  [1m[36mCACHE (0.0ms)[0m  [1mSELECT  "users".* FROM "users"  WHERE "users"."id" = 1 LIMIT 1[0m
  [1m[35mCACHE (0.0ms)[0m  SELECT  "users".* FROM "users"  WHERE "users"."id" = 1 LIMIT 1
  [1m[36mCACHE (0.0ms)[0m  [1mSELECT  "users".* FROM "users"  WHERE "users"."id" = 1 LIMIT 1[0m
  [1m[35mCACHE (0.0ms)[0m  SELECT  "users".* FROM "users"  WHERE "users"."id" = 1 LIMIT 1
  [1m[36mCACHE (0.0ms)[0m  [1mSELECT  "users".* FROM "users"  WHERE "users"."id" = 1 LIMIT 1[0m
  [1m[35mCACHE (0.0ms)[0m  SELECT  "users".* FROM "users"  WHERE "users"."id" = 1 LIMIT 1
  [1m[36mCACHE (0.0ms)[0m  [1mSELECT  "users".* FROM "users"  WHERE "users"."id" = 1 LIMIT 1[0m
  [1m[35mCACHE (0.0ms)[0m  SELECT  "users".* FROM "users"  WHERE "users"."id" = 1 LIMIT 1
  [1m[36mCACHE (0.0ms)[0m  [1mSELECT  "users".* FROM "users"  WHERE "users"."id" = 1 LIMIT 1[0m
  [1m[35mCACHE (0.0ms)[0m  SELECT  "users".* FROM "users"  WHERE "users"."id" = 1 LIMIT 1
  [1m[36mCACHE (0.0ms)[0m  [1mSELECT  "users".* FROM "users"  WHERE "users"."id" = 1 LIMIT 1[0m
  [1m[35mCACHE (0.0ms)[0m  SELECT  "users".* FROM "users"  WHERE "users"."id" = 1 LIMIT 1
  [1m[36mCACHE (0.0ms)[0m  [1mSELECT  "users".* FROM "users"  WHERE "users"."id" = 1 LIMIT 1[0m
  [1m[35mCACHE (0.0ms)[0m  SELECT  "users".* FROM "users"  WHERE "users"."id" = 1 LIMIT 1
  [1m[36mCACHE (0.0ms)[0m  [1mSELECT  "users".* FROM "users"  WHERE "users"."id" = 1 LIMIT 1[0m
  [1m[35mCACHE (0.0ms)[0m  SELECT  "users".* FROM "users"  WHERE "users"."id" = 1 LIMIT 1
  [1m[36mCACHE (0.0ms)[0m  [1mSELECT  "users".* FROM "users"  WHERE "users"."id" = 1 LIMIT 1[0m
  Rendered shoutouts/_new.html.erb (15.1ms)
  Rendered users/_edit.html.erb (2.1ms)
  Rendered passwords/_new.html.erb (0.6ms)
  Rendered sites/index.html.erb within layouts/application (24.3ms)
Completed 200 OK in 35ms (Views: 31.6ms | ActiveRecord: 1.5ms)


Started GET "/assets/jquery_ujs.js?body=1" for 127.0.0.1 at 2014-09-01 15:47:38 -0700


Started GET "/assets/users.css?body=1" for 127.0.0.1 at 2014-09-01 15:47:38 -0700


Started GET "/assets/styles.css?body=1" for 127.0.0.1 at 2014-09-01 15:47:38 -0700


Started GET "/assets/application.css?body=1" for 127.0.0.1 at 2014-09-01 15:47:38 -0700


Started GET "/assets/passwords.js?body=1" for 127.0.0.1 at 2014-09-01 15:47:38 -0700


Started GET "/assets/jquery.js?body=1" for 127.0.0.1 at 2014-09-01 15:47:38 -0700


Started GET "/assets/sessions.js?body=1" for 127.0.0.1 at 2014-09-01 15:47:38 -0700


Started GET "/assets/shoutouts.js?body=1" for 127.0.0.1 at 2014-09-01 15:47:38 -0700


Started GET "/assets/sites.js?body=1" for 127.0.0.1 at 2014-09-01 15:47:38 -0700


Started GET "/assets/users.js?body=1" for 127.0.0.1 at 2014-09-01 15:47:38 -0700


Started GET "/assets/application.js?body=1" for 127.0.0.1 at 2014-09-01 15:47:38 -0700


Started GET "/assets/dark_fish_skin.png" for 127.0.0.1 at 2014-09-01 15:47:38 -0700


Started GET "/" for 127.0.0.1 at 2014-09-01 15:47:39 -0700
Processing by SitesController#index as HTML
  [1m[35mUser Load (0.6ms)[0m  SELECT  "users".* FROM "users"  WHERE "users"."id" = 1 LIMIT 1
  Rendered sites/_trucks.html.erb (0.0ms)
  Rendered sites/_soup.html.erb (0.0ms)
  [1m[36mShoutout Load (0.5ms)[0m  [1mSELECT "shoutouts".* FROM "shoutouts"[0m
  [1m[35mCACHE (0.0ms)[0m  SELECT  "users".* FROM "users"  WHERE "users"."id" = 1 LIMIT 1
  [1m[36mCACHE (0.0ms)[0m  [1mSELECT  "users".* FROM "users"  WHERE "users"."id" = 1 LIMIT 1[0m
  [1m[35mCACHE (0.0ms)[0m  SELECT  "users".* FROM "users"  WHERE "users"."id" = 1 LIMIT 1
  [1m[36mCACHE (0.0ms)[0m  [1mSELECT  "users".* FROM "users"  WHERE "users"."id" = 1 LIMIT 1[0m
  [1m[35mCACHE (0.0ms)[0m  SELECT  "users".* FROM "users"  WHERE "users"."id" = 1 LIMIT 1
  [1m[36mCACHE (0.0ms)[0m  [1mSELECT  "users".* FROM "users"  WHERE "users"."id" = 1 LIMIT 1[0m
  [1m[35mCACHE (0.0ms)[0m  SELECT  "users".* FROM "users"  WHERE "users"."id" = 1 LIMIT 1
  [1m[36mCACHE (0.0ms)[0m  [1mSELECT  "users".* FROM "users"  WHERE "users"."id" = 1 LIMIT 1[0m
  [1m[35mCACHE (0.0ms)[0m  SELECT  "users".* FROM "users"  WHERE "users"."id" = 1 LIMIT 1
  [1m[36mCACHE (0.0ms)[0m  [1mSELECT  "users".* FROM "users"  WHERE "users"."id" = 1 LIMIT 1[0m
  [1m[35mCACHE (0.0ms)[0m  SELECT  "users".* FROM "users"  WHERE "users"."id" = 1 LIMIT 1
  [1m[36mCACHE (0.0ms)[0m  [1mSELECT  "users".* FROM "users"  WHERE "users"."id" = 1 LIMIT 1[0m
  [1m[35mCACHE (0.0ms)[0m  SELECT  "users".* FROM "users"  WHERE "users"."id" = 1 LIMIT 1
  [1m[36mCACHE (0.0ms)[0m  [1mSELECT  "users".* FROM "users"  WHERE "users"."id" = 1 LIMIT 1[0m
  [1m[35mCACHE (0.0ms)[0m  SELECT  "users".* FROM "users"  WHERE "users"."id" = 1 LIMIT 1
  [1m[36mCACHE (0.0ms)[0m  [1mSELECT  "users".* FROM "users"  WHERE "users"."id" = 1 LIMIT 1[0m
  [1m[35mCACHE (0.0ms)[0m  SELECT  "users".* FROM "users"  WHERE "users"."id" = 1 LIMIT 1
  [1m[36mCACHE (0.0ms)[0m  [1mSELECT  "users".* FROM "users"  WHERE "users"."id" = 1 LIMIT 1[0m
  [1m[35mCACHE (0.0ms)[0m  SELECT  "users".* FROM "users"  WHERE "users"."id" = 1 LIMIT 1
  [1m[36mCACHE (0.0ms)[0m  [1mSELECT  "users".* FROM "users"  WHERE "users"."id" = 1 LIMIT 1[0m
  [1m[35mCACHE (0.0ms)[0m  SELECT  "users".* FROM "users"  WHERE "users"."id" = 1 LIMIT 1
  [1m[36mCACHE (0.0ms)[0m  [1mSELECT  "users".* FROM "users"  WHERE "users"."id" = 1 LIMIT 1[0m
  [1m[35mCACHE (0.0ms)[0m  SELECT  "users".* FROM "users"  WHERE "users"."id" = 1 LIMIT 1
  [1m[36mCACHE (0.0ms)[0m  [1mSELECT  "users".* FROM "users"  WHERE "users"."id" = 1 LIMIT 1[0m
  Rendered shoutouts/_new.html.erb (12.3ms)
  Rendered users/_edit.html.erb (1.8ms)
  Rendered passwords/_new.html.erb (0.4ms)
  Rendered sites/index.html.erb within layouts/application (17.7ms)
Completed 200 OK in 34ms (Views: 30.6ms | ActiveRecord: 1.3ms)


Started GET "/assets/application.css?body=1" for 127.0.0.1 at 2014-09-01 15:47:39 -0700


Started GET "/assets/styles.css?body=1" for 127.0.0.1 at 2014-09-01 15:47:39 -0700


Started GET "/assets/jquery.js?body=1" for 127.0.0.1 at 2014-09-01 15:47:39 -0700


Started GET "/assets/passwords.js?body=1" for 127.0.0.1 at 2014-09-01 15:47:39 -0700


Started GET "/assets/users.css?body=1" for 127.0.0.1 at 2014-09-01 15:47:39 -0700


Started GET "/assets/jquery_ujs.js?body=1" for 127.0.0.1 at 2014-09-01 15:47:39 -0700


Started GET "/assets/sessions.js?body=1" for 127.0.0.1 at 2014-09-01 15:47:39 -0700


Started GET "/assets/shoutouts.js?body=1" for 127.0.0.1 at 2014-09-01 15:47:39 -0700


Started GET "/assets/sites.js?body=1" for 127.0.0.1 at 2014-09-01 15:47:39 -0700


Started GET "/assets/users.js?body=1" for 127.0.0.1 at 2014-09-01 15:47:39 -0700


Started GET "/assets/application.js?body=1" for 127.0.0.1 at 2014-09-01 15:47:39 -0700


Started GET "/assets/dark_fish_skin.png" for 127.0.0.1 at 2014-09-01 15:47:39 -0700
